<?xml version="1.0" encoding="UTF-8"?>
<!-- Generated by org.testng.reporters.JUnitXMLReporter -->
<testsuite ignored="1" hostname="LAPTOP-URBL5M10" failures="0" tests="1" name="Default test" time="12.108" errors="0" timestamp="2023-11-22T23:32:53 EST">
  <testcase classname="com.bravenet.testScripts.VerifyErrorMessage" name="verifyTitle" time="3.481"/>
  <testcase classname="com.bravenet.testScripts.VerifyErrorMessage" name="verifyErrorMsg" time="0.0">
    <ignored/>
  </testcase> <!-- verifyErrorMsg -->
</testsuite> <!-- Default test -->
