<?xml version="1.0" encoding="UTF-8"?>
<testng-results ignored="1" total="2" passed="1" failed="0" skipped="0">
  <reporter-output>
  </reporter-output>
  <suite started-at="2023-11-22T23:32:40 EST" name="Default suite" finished-at="2023-11-22T23:32:53 EST" duration-ms="12108">
    <groups>
    </groups>
    <test started-at="2023-11-22T23:32:40 EST" name="Default test" finished-at="2023-11-22T23:32:53 EST" duration-ms="12108">
      <class name="com.bravenet.testScripts.VerifyErrorMessage">
        <test-method is-config="true" signature="launchApplication()[pri:0, instance:com.bravenet.testScripts.VerifyErrorMessage@54e1c68b]" started-at="2023-11-22T23:32:40 EST" name="launchApplication" finished-at="2023-11-22T23:32:49 EST" duration-ms="8529" status="PASS">
          <reporter-output>
          </reporter-output>
        </test-method> <!-- launchApplication -->
        <test-method signature="verifyTitle()[pri:0, instance:com.bravenet.testScripts.VerifyErrorMessage@54e1c68b]" started-at="2023-11-22T23:32:49 EST" name="verifyTitle" finished-at="2023-11-22T23:32:53 EST" duration-ms="3481" status="PASS">
          <reporter-output>
          </reporter-output>
        </test-method> <!-- verifyTitle -->
        <test-method is-config="true" signature="closeBrowser()[pri:0, instance:com.bravenet.testScripts.VerifyErrorMessage@54e1c68b]" started-at="2023-11-22T23:32:53 EST" name="closeBrowser" finished-at="2023-11-22T23:32:53 EST" duration-ms="3" status="PASS">
          <reporter-output>
          </reporter-output>
        </test-method> <!-- closeBrowser -->
      </class> <!-- com.bravenet.testScripts.VerifyErrorMessage -->
    </test> <!-- Default test -->
  </suite> <!-- Default suite -->
</testng-results>
